<?xml version="1.0" encoding="UTF-8"?>
<testsuite name="util.lambdaplus.lambda.integration.StreamsWithExceptionUsingLift" tests="6" skipped="0" failures="0" errors="0" timestamp="2015-04-18T08:17:33" hostname="Maximilians-MacBook-Air-12.local" time="0.038">
  <properties/>
  <testcase name="shouldLiftBeAbleToLiftExtractAnEntireResultToFailure" classname="util.lambdaplus.lambda.integration.StreamsWithExceptionUsingLift" time="0.017"/>
  <testcase name="shouldEitherFunctionDirectlyTakeThrowableFunction" classname="util.lambdaplus.lambda.integration.StreamsWithExceptionUsingLift" time="0.008"/>
  <testcase name="shouldLiftBeAbleToLiftAnEntireResultToWrappedFailure" classname="util.lambdaplus.lambda.integration.StreamsWithExceptionUsingLift" time="0.003"/>
  <testcase name="shouldWrapFunctionWithLiftMapExceptionsAndValuesCorrectly" classname="util.lambdaplus.lambda.integration.StreamsWithExceptionUsingLift" time="0.002"/>
  <testcase name="shouldLiftMapExceptionsAndValuesCorrectly" classname="util.lambdaplus.lambda.integration.StreamsWithExceptionUsingLift" time="0.002"/>
  <testcase name="shouldLiftBeAbleToLiftAnEntireResultToSuccess" classname="util.lambdaplus.lambda.integration.StreamsWithExceptionUsingLift" time="0.002"/>
  <system-out><![CDATA[]]></system-out>
  <system-err><![CDATA[]]></system-err>
</testsuite>
