<?xml version="1.0" encoding="UTF-8"?>
<testsuite name="util.lambdaplus.lambda.either.EitherTest" tests="14" skipped="0" failures="0" errors="0" timestamp="2015-04-18T08:17:33" hostname="Maximilians-MacBook-Air-12.local" time="0.077">
  <properties/>
  <testcase name="getOrDefaultShouldGetWhenRight" classname="util.lambdaplus.lambda.either.EitherTest" time="0.049"/>
  <testcase name="testFoldFoldsLeft" classname="util.lambdaplus.lambda.either.EitherTest" time="0.002"/>
  <testcase name="getOrDefaultShouldDefaultAndConsumeWhenLeft" classname="util.lambdaplus.lambda.either.EitherTest" time="0.003"/>
  <testcase name="testMapLeftMapsLeft" classname="util.lambdaplus.lambda.either.EitherTest" time="0.001"/>
  <testcase name="testConsumeRightConsumesRight" classname="util.lambdaplus.lambda.either.EitherTest" time="0.001"/>
  <testcase name="testFoldFoldsRight" classname="util.lambdaplus.lambda.either.EitherTest" time="0.002"/>
  <testcase name="testFlatMapLeftFlatMapsLeft" classname="util.lambdaplus.lambda.either.EitherTest" time="0.001"/>
  <testcase name="testFlatMapFlatMapsRight" classname="util.lambdaplus.lambda.either.EitherTest" time="0.002"/>
  <testcase name="testFlatMapFlatMapsLeft" classname="util.lambdaplus.lambda.either.EitherTest" time="0.003"/>
  <testcase name="testMapRightMapsRight" classname="util.lambdaplus.lambda.either.EitherTest" time="0.001"/>
  <testcase name="testFlatMapRightDoesNotFlatMapsLeft" classname="util.lambdaplus.lambda.either.EitherTest" time="0.001"/>
  <testcase name="testFlatMapLeftFlatDoesNotFlatMapRight" classname="util.lambdaplus.lambda.either.EitherTest" time="0.001"/>
  <testcase name="testConsumeLeftConsumesLeft" classname="util.lambdaplus.lambda.either.EitherTest" time="0.001"/>
  <testcase name="testFlatMapRightFlatMapsRight" classname="util.lambdaplus.lambda.either.EitherTest" time="0.001"/>
  <system-out><![CDATA[]]></system-out>
  <system-err><![CDATA[]]></system-err>
</testsuite>
